{"D:\\2020\\LABORATORIA\\Proyecto md-link\\LIM013-fe-md-links\\src\\implements.js": {"path":"D:\\2020\\LABORATORIA\\Proyecto md-link\\LIM013-fe-md-links\\src\\implements.js","statementMap":{"0":{"start":{"line":1,"column":11},"end":{"line":1,"column":24}},"1":{"start":{"line":2,"column":13},"end":{"line":2,"column":28}},"2":{"start":{"line":5,"column":24},"end":{"line":5,"column":89}},"3":{"start":{"line":5,"column":36},"end":{"line":5,"column":88}},"4":{"start":{"line":8,"column":20},"end":{"line":8,"column":63}},"5":{"start":{"line":8,"column":31},"end":{"line":8,"column":63}},"6":{"start":{"line":11,"column":17},"end":{"line":11,"column":57}},"7":{"start":{"line":11,"column":28},"end":{"line":11,"column":57}},"8":{"start":{"line":14,"column":21},"end":{"line":26,"column":1}},"9":{"start":{"line":15,"column":20},"end":{"line":15,"column":22}},"10":{"start":{"line":16,"column":19},"end":{"line":16,"column":41}},"11":{"start":{"line":17,"column":2},"end":{"line":24,"column":3}},"12":{"start":{"line":18,"column":4},"end":{"line":21,"column":7}},"13":{"start":{"line":19,"column":21},"end":{"line":19,"column":62}},"14":{"start":{"line":20,"column":6},"end":{"line":20,"column":47}},"15":{"start":{"line":22,"column":9},"end":{"line":24,"column":3}},"16":{"start":{"line":23,"column":4},"end":{"line":23,"column":31}},"17":{"start":{"line":25,"column":2},"end":{"line":25,"column":21}},"18":{"start":{"line":28,"column":0},"end":{"line":28,"column":35}},"19":{"start":{"line":29,"column":0},"end":{"line":34,"column":2}}},"fnMap":{"0":{"name":"(anonymous_0)","decl":{"start":{"line":5,"column":24},"end":{"line":5,"column":25}},"loc":{"start":{"line":5,"column":36},"end":{"line":5,"column":88}},"line":5},"1":{"name":"(anonymous_1)","decl":{"start":{"line":8,"column":20},"end":{"line":8,"column":21}},"loc":{"start":{"line":8,"column":31},"end":{"line":8,"column":63}},"line":8},"2":{"name":"(anonymous_2)","decl":{"start":{"line":11,"column":17},"end":{"line":11,"column":18}},"loc":{"start":{"line":11,"column":28},"end":{"line":11,"column":57}},"line":11},"3":{"name":"(anonymous_3)","decl":{"start":{"line":14,"column":21},"end":{"line":14,"column":22}},"loc":{"start":{"line":14,"column":32},"end":{"line":26,"column":1}},"line":14},"4":{"name":"(anonymous_4)","decl":{"start":{"line":18,"column":37},"end":{"line":18,"column":38}},"loc":{"start":{"line":18,"column":49},"end":{"line":21,"column":5}},"line":18}},"branchMap":{"0":{"loc":{"start":{"line":5,"column":36},"end":{"line":5,"column":88}},"type":"cond-expr","locations":[{"start":{"line":5,"column":61},"end":{"line":5,"column":66}},{"start":{"line":5,"column":69},"end":{"line":5,"column":88}}],"line":5},"1":{"loc":{"start":{"line":17,"column":2},"end":{"line":24,"column":3}},"type":"if","locations":[{"start":{"line":17,"column":2},"end":{"line":24,"column":3}},{"start":{"line":17,"column":2},"end":{"line":24,"column":3}}],"line":17},"2":{"loc":{"start":{"line":22,"column":9},"end":{"line":24,"column":3}},"type":"if","locations":[{"start":{"line":22,"column":9},"end":{"line":24,"column":3}},{"start":{"line":22,"column":9},"end":{"line":24,"column":3}}],"line":22}},"s":{"0":1,"1":1,"2":1,"3":7,"4":1,"5":8,"6":1,"7":6,"8":1,"9":6,"10":6,"11":6,"12":2,"13":4,"14":4,"15":4,"16":3,"17":6,"18":1,"19":1},"f":{"0":7,"1":8,"2":6,"3":6,"4":4},"b":{"0":[4,3],"1":[2,4],"2":[3,1]},"_coverageSchema":"1a1c01bbd47fc00a2c39e90264f33305004495a9","hash":"3845a9300e611c4b5b255896c4d61049e4599ef8"}
}
