{"D:\\2020\\LABORATORIA\\Proyecto md-link\\LIM013-fe-md-links\\src\\implements.js": {"path":"D:\\2020\\LABORATORIA\\Proyecto md-link\\LIM013-fe-md-links\\src\\implements.js","statementMap":{"0":{"start":{"line":1,"column":11},"end":{"line":1,"column":24}},"1":{"start":{"line":2,"column":13},"end":{"line":2,"column":28}},"2":{"start":{"line":3,"column":15},"end":{"line":3,"column":32}},"3":{"start":{"line":4,"column":14},"end":{"line":4,"column":30}},"4":{"start":{"line":6,"column":18},"end":{"line":6,"column":23}},"5":{"start":{"line":9,"column":24},"end":{"line":9,"column":89}},"6":{"start":{"line":9,"column":36},"end":{"line":9,"column":88}},"7":{"start":{"line":12,"column":20},"end":{"line":12,"column":63}},"8":{"start":{"line":12,"column":31},"end":{"line":12,"column":63}},"9":{"start":{"line":15,"column":17},"end":{"line":15,"column":57}},"10":{"start":{"line":15,"column":28},"end":{"line":15,"column":57}},"11":{"start":{"line":18,"column":21},"end":{"line":30,"column":1}},"12":{"start":{"line":19,"column":20},"end":{"line":19,"column":22}},"13":{"start":{"line":20,"column":19},"end":{"line":20,"column":41}},"14":{"start":{"line":21,"column":2},"end":{"line":28,"column":3}},"15":{"start":{"line":22,"column":4},"end":{"line":25,"column":7}},"16":{"start":{"line":23,"column":21},"end":{"line":23,"column":62}},"17":{"start":{"line":24,"column":6},"end":{"line":24,"column":47}},"18":{"start":{"line":26,"column":9},"end":{"line":28,"column":3}},"19":{"start":{"line":27,"column":4},"end":{"line":27,"column":31}},"20":{"start":{"line":29,"column":2},"end":{"line":29,"column":21}},"21":{"start":{"line":33,"column":20},"end":{"line":51,"column":1}},"22":{"start":{"line":34,"column":21},"end":{"line":34,"column":23}},"23":{"start":{"line":35,"column":2},"end":{"line":49,"column":5}},"24":{"start":{"line":36,"column":19},"end":{"line":36,"column":50}},"25":{"start":{"line":37,"column":21},"end":{"line":37,"column":35}},"26":{"start":{"line":38,"column":16},"end":{"line":38,"column":35}},"27":{"start":{"line":39,"column":17},"end":{"line":39,"column":58}},"28":{"start":{"line":40,"column":4},"end":{"line":48,"column":7}},"29":{"start":{"line":41,"column":6},"end":{"line":47,"column":7}},"30":{"start":{"line":42,"column":8},"end":{"line":46,"column":11}},"31":{"start":{"line":50,"column":2},"end":{"line":50,"column":20}},"32":{"start":{"line":53,"column":0},"end":{"line":59,"column":2}}},"fnMap":{"0":{"name":"(anonymous_0)","decl":{"start":{"line":9,"column":24},"end":{"line":9,"column":25}},"loc":{"start":{"line":9,"column":36},"end":{"line":9,"column":88}},"line":9},"1":{"name":"(anonymous_1)","decl":{"start":{"line":12,"column":20},"end":{"line":12,"column":21}},"loc":{"start":{"line":12,"column":31},"end":{"line":12,"column":63}},"line":12},"2":{"name":"(anonymous_2)","decl":{"start":{"line":15,"column":17},"end":{"line":15,"column":18}},"loc":{"start":{"line":15,"column":28},"end":{"line":15,"column":57}},"line":15},"3":{"name":"(anonymous_3)","decl":{"start":{"line":18,"column":21},"end":{"line":18,"column":22}},"loc":{"start":{"line":18,"column":32},"end":{"line":30,"column":1}},"line":18},"4":{"name":"(anonymous_4)","decl":{"start":{"line":22,"column":37},"end":{"line":22,"column":38}},"loc":{"start":{"line":22,"column":49},"end":{"line":25,"column":5}},"line":22},"5":{"name":"(anonymous_5)","decl":{"start":{"line":33,"column":20},"end":{"line":33,"column":21}},"loc":{"start":{"line":33,"column":31},"end":{"line":51,"column":1}},"line":33},"6":{"name":"(anonymous_6)","decl":{"start":{"line":35,"column":30},"end":{"line":35,"column":31}},"loc":{"start":{"line":35,"column":41},"end":{"line":49,"column":3}},"line":35},"7":{"name":"(anonymous_7)","decl":{"start":{"line":40,"column":17},"end":{"line":40,"column":18}},"loc":{"start":{"line":40,"column":28},"end":{"line":48,"column":5}},"line":40}},"branchMap":{"0":{"loc":{"start":{"line":9,"column":36},"end":{"line":9,"column":88}},"type":"cond-expr","locations":[{"start":{"line":9,"column":61},"end":{"line":9,"column":66}},{"start":{"line":9,"column":69},"end":{"line":9,"column":88}}],"line":9},"1":{"loc":{"start":{"line":21,"column":2},"end":{"line":28,"column":3}},"type":"if","locations":[{"start":{"line":21,"column":2},"end":{"line":28,"column":3}},{"start":{"line":21,"column":2},"end":{"line":28,"column":3}}],"line":21},"2":{"loc":{"start":{"line":26,"column":9},"end":{"line":28,"column":3}},"type":"if","locations":[{"start":{"line":26,"column":9},"end":{"line":28,"column":3}},{"start":{"line":26,"column":9},"end":{"line":28,"column":3}}],"line":26},"3":{"loc":{"start":{"line":41,"column":6},"end":{"line":47,"column":7}},"type":"if","locations":[{"start":{"line":41,"column":6},"end":{"line":47,"column":7}},{"start":{"line":41,"column":6},"end":{"line":47,"column":7}}],"line":41}},"s":{"0":2,"1":2,"2":2,"3":2,"4":2,"5":2,"6":9,"7":2,"8":10,"9":2,"10":8,"11":2,"12":8,"13":8,"14":8,"15":2,"16":4,"17":4,"18":6,"19":5,"20":8,"21":2,"22":2,"23":2,"24":2,"25":2,"26":2,"27":2,"28":2,"29":4,"30":4,"31":2,"32":2},"f":{"0":9,"1":10,"2":8,"3":8,"4":4,"5":2,"6":2,"7":4},"b":{"0":[4,5],"1":[2,6],"2":[5,1],"3":[4,0]},"_coverageSchema":"1a1c01bbd47fc00a2c39e90264f33305004495a9","hash":"a66cebf47ee001c0ffedb4812a3caf2263ed6752"}
,"D:\\2020\\LABORATORIA\\Proyecto md-link\\LIM013-fe-md-links\\src\\mdLinks.js": {"path":"D:\\2020\\LABORATORIA\\Proyecto md-link\\LIM013-fe-md-links\\src\\mdLinks.js","statementMap":{"0":{"start":{"line":1,"column":18},"end":{"line":1,"column":44}},"1":{"start":{"line":2,"column":16},"end":{"line":2,"column":39}},"2":{"start":{"line":4,"column":16},"end":{"line":8,"column":2}},"3":{"start":{"line":4,"column":34},"end":{"line":8,"column":2}},"4":{"start":{"line":5,"column":18},"end":{"line":5,"column":45}},"5":{"start":{"line":6,"column":2},"end":{"line":7,"column":24}},"6":{"start":{"line":6,"column":32},"end":{"line":6,"column":67}},"7":{"start":{"line":7,"column":7},"end":{"line":7,"column":24}},"8":{"start":{"line":10,"column":0},"end":{"line":10,"column":25}}},"fnMap":{"0":{"name":"(anonymous_0)","decl":{"start":{"line":4,"column":16},"end":{"line":4,"column":17}},"loc":{"start":{"line":4,"column":34},"end":{"line":8,"column":2}},"line":4},"1":{"name":"(anonymous_1)","decl":{"start":{"line":4,"column":46},"end":{"line":4,"column":47}},"loc":{"start":{"line":4,"column":59},"end":{"line":8,"column":1}},"line":4}},"branchMap":{"0":{"loc":{"start":{"line":6,"column":2},"end":{"line":7,"column":24}},"type":"if","locations":[{"start":{"line":6,"column":2},"end":{"line":7,"column":24}},{"start":{"line":6,"column":2},"end":{"line":7,"column":24}}],"line":6}},"s":{"0":1,"1":1,"2":1,"3":2,"4":2,"5":2,"6":1,"7":1,"8":1},"f":{"0":2,"1":2},"b":{"0":[1,1]},"_coverageSchema":"1a1c01bbd47fc00a2c39e90264f33305004495a9","hash":"7678a9f7530b118d713bf019c9593ca165b802a2"}
,"D:\\2020\\LABORATORIA\\Proyecto md-link\\LIM013-fe-md-links\\src\\options.js": {"path":"D:\\2020\\LABORATORIA\\Proyecto md-link\\LIM013-fe-md-links\\src\\options.js","statementMap":{"0":{"start":{"line":1,"column":14},"end":{"line":1,"column":35}},"1":{"start":{"line":4,"column":17},"end":{"line":17,"column":1}},"2":{"start":{"line":5,"column":23},"end":{"line":15,"column":8}},"3":{"start":{"line":5,"column":47},"end":{"line":15,"column":7}},"4":{"start":{"line":6,"column":20},"end":{"line":10,"column":5}},"5":{"start":{"line":11,"column":18},"end":{"line":15,"column":5}},"6":{"start":{"line":16,"column":2},"end":{"line":16,"column":35}},"7":{"start":{"line":20,"column":14},"end":{"line":28,"column":1}},"8":{"start":{"line":21,"column":21},"end":{"line":21,"column":36}},"9":{"start":{"line":22,"column":20},"end":{"line":22,"column":21}},"10":{"start":{"line":23,"column":22},"end":{"line":23,"column":76}},"11":{"start":{"line":23,"column":57},"end":{"line":23,"column":66}},"12":{"start":{"line":24,"column":2},"end":{"line":26,"column":5}},"13":{"start":{"line":25,"column":4},"end":{"line":25,"column":72}},"14":{"start":{"line":25,"column":55},"end":{"line":25,"column":72}},"15":{"start":{"line":27,"column":2},"end":{"line":27,"column":73}},"16":{"start":{"line":29,"column":0},"end":{"line":32,"column":2}}},"fnMap":{"0":{"name":"(anonymous_0)","decl":{"start":{"line":4,"column":17},"end":{"line":4,"column":18}},"loc":{"start":{"line":4,"column":31},"end":{"line":17,"column":1}},"line":4},"1":{"name":"(anonymous_1)","decl":{"start":{"line":5,"column":36},"end":{"line":5,"column":37}},"loc":{"start":{"line":5,"column":47},"end":{"line":15,"column":7}},"line":5},"2":{"name":"(anonymous_2)","decl":{"start":{"line":6,"column":10},"end":{"line":6,"column":11}},"loc":{"start":{"line":6,"column":20},"end":{"line":10,"column":5}},"line":6},"3":{"name":"(anonymous_3)","decl":{"start":{"line":11,"column":11},"end":{"line":11,"column":12}},"loc":{"start":{"line":11,"column":18},"end":{"line":15,"column":5}},"line":11},"4":{"name":"(anonymous_4)","decl":{"start":{"line":20,"column":14},"end":{"line":20,"column":15}},"loc":{"start":{"line":20,"column":28},"end":{"line":28,"column":1}},"line":20},"5":{"name":"(anonymous_5)","decl":{"start":{"line":23,"column":47},"end":{"line":23,"column":48}},"loc":{"start":{"line":23,"column":57},"end":{"line":23,"column":66}},"line":23},"6":{"name":"(anonymous_6)","decl":{"start":{"line":24,"column":19},"end":{"line":24,"column":20}},"loc":{"start":{"line":24,"column":32},"end":{"line":26,"column":3}},"line":24}},"branchMap":{"0":{"loc":{"start":{"line":25,"column":4},"end":{"line":25,"column":72}},"type":"if","locations":[{"start":{"line":25,"column":4},"end":{"line":25,"column":72}},{"start":{"line":25,"column":4},"end":{"line":25,"column":72}}],"line":25},"1":{"loc":{"start":{"line":25,"column":8},"end":{"line":25,"column":53}},"type":"binary-expr","locations":[{"start":{"line":25,"column":8},"end":{"line":25,"column":29}},{"start":{"line":25,"column":33},"end":{"line":25,"column":53}}],"line":25}},"s":{"0":2,"1":2,"2":2,"3":4,"4":4,"5":0,"6":2,"7":2,"8":2,"9":2,"10":2,"11":4,"12":2,"13":4,"14":1,"15":2,"16":2},"f":{"0":2,"1":4,"2":4,"3":0,"4":2,"5":4,"6":4},"b":{"0":[1,3],"1":[4,1]},"_coverageSchema":"1a1c01bbd47fc00a2c39e90264f33305004495a9","hash":"37c1c2b9af8a42ab65f17ce82d239a9ce3df6139"}
}
