TN:
SF:src\implements.js
FN:9,(anonymous_0)
FN:12,(anonymous_1)
FN:15,(anonymous_2)
FN:18,(anonymous_3)
FN:22,(anonymous_4)
FN:33,(anonymous_5)
FN:35,(anonymous_6)
FN:40,(anonymous_7)
FNF:8
FNH:8
FNDA:9,(anonymous_0)
FNDA:10,(anonymous_1)
FNDA:8,(anonymous_2)
FNDA:8,(anonymous_3)
FNDA:4,(anonymous_4)
FNDA:2,(anonymous_5)
FNDA:2,(anonymous_6)
FNDA:4,(anonymous_7)
DA:1,2
DA:2,2
DA:3,2
DA:4,2
DA:6,2
DA:9,9
DA:12,10
DA:15,8
DA:18,2
DA:19,8
DA:20,8
DA:21,8
DA:22,2
DA:23,4
DA:24,4
DA:26,6
DA:27,5
DA:29,8
DA:33,2
DA:34,2
DA:35,2
DA:36,2
DA:37,2
DA:38,2
DA:39,2
DA:40,2
DA:41,4
DA:48,2
DA:51,2
LF:29
LH:29
BRDA:9,0,0,4
BRDA:9,0,1,5
BRDA:21,1,0,2
BRDA:21,1,1,6
BRDA:26,2,0,5
BRDA:26,2,1,1
BRF:6
BRH:6
end_of_record
TN:
SF:src\mdLinks.js
FN:4,(anonymous_0)
FN:4,(anonymous_1)
FNF:2
FNH:2
FNDA:2,(anonymous_0)
FNDA:2,(anonymous_1)
DA:1,1
DA:2,1
DA:4,2
DA:5,2
DA:6,2
DA:7,1
DA:10,1
LF:7
LH:7
BRDA:6,0,0,1
BRDA:6,0,1,1
BRF:2
BRH:2
end_of_record
TN:
SF:src\options.js
FN:4,(anonymous_0)
FN:5,(anonymous_1)
FN:6,(anonymous_2)
FN:11,(anonymous_3)
FN:20,(anonymous_4)
FN:23,(anonymous_5)
FN:24,(anonymous_6)
FNF:7
FNH:6
FNDA:2,(anonymous_0)
FNDA:4,(anonymous_1)
FNDA:4,(anonymous_2)
FNDA:0,(anonymous_3)
FNDA:2,(anonymous_4)
FNDA:4,(anonymous_5)
FNDA:4,(anonymous_6)
DA:1,2
DA:4,2
DA:5,4
DA:6,4
DA:11,0
DA:16,2
DA:20,2
DA:21,2
DA:22,2
DA:23,4
DA:24,2
DA:25,4
DA:27,2
DA:29,2
LF:14
LH:13
BRDA:25,0,0,1
BRDA:25,0,1,3
BRDA:25,1,0,4
BRDA:25,1,1,1
BRF:4
BRH:4
end_of_record
